TN:
SF:contracts/NFT/MonadBeasts.sol
FN:14,MonadBeasts.
FNDA:0,MonadBeasts.
DA:15,0
DA:15,0
FN:18,MonadBeasts.mint
FNDA:0,MonadBeasts.mint
DA:19,0
DA:19,0
DA:19,0
DA:20,0
DA:20,0
BRDA:20,0,0,-
BRDA:20,0,1,-
DA:26,0
DA:26,0
DA:26,0
DA:26,0
DA:27,0
DA:27,0
DA:28,0
DA:28,0
DA:30,0
DA:30,0
FNF:2
FNH:0
LF:7
LH:0
BRF:2
BRH:0
end_of_record
TN:
SF:contracts/most_contracts/BTC.sol
FN:8,BTC.
FNDA:0,BTC.
DA:11,0
DA:11,0
FN:14,BTC.mint
FNDA:7,BTC.mint
DA:15,7
DA:15,7
FNF:2
FNH:1
LF:2
LH:1
BRF:0
BRH:0
end_of_record
TN:
SF:contracts/most_contracts/Campaign.sol
FN:110,Campaign.onlyCampaignOwner
FNDA:1,Campaign.onlyCampaignOwner
DA:111,1
DA:111,1
BRDA:111,0,0,-
BRDA:111,0,1,-
DA:112,0
DA:112,0
FN:117,Campaign.
FNDA:0,Campaign.
DA:131,0
DA:131,0
DA:132,0
DA:132,0
DA:133,0
DA:133,0
DA:134,0
DA:134,0
DA:135,0
DA:135,0
DA:136,0
DA:136,0
DA:137,0
DA:137,0
DA:138,0
DA:138,0
DA:139,0
DA:139,0
DA:140,0
DA:140,0
DA:141,0
DA:141,0
DA:142,0
DA:142,0
DA:143,0
DA:143,0
DA:144,0
DA:144,0
DA:145,0
DA:145,0
DA:146,0
DA:146,0
DA:146,0
DA:146,0
DA:147,0
DA:147,0
FN:194,Campaign.isInRegistration
FNDA:3,Campaign.isInRegistration
DA:195,10
DA:195,10
DA:196,10
DA:196,10
DA:196,10
FN:199,Campaign.isInTierSale
FNDA:4,Campaign.isInTierSale
DA:200,6
DA:200,6
DA:201,6
DA:201,6
DA:201,6
FN:204,Campaign.isInFCFS
FNDA:4,Campaign.isInFCFS
DA:205,5
DA:205,5
DA:206,5
DA:206,5
DA:206,5
FN:209,Campaign.isInEnd
FNDA:2,Campaign.isInEnd
DA:210,2
DA:210,2
DA:211,2
DA:211,2
FN:214,Campaign.currentPeriod
FNDA:0,Campaign.currentPeriod
DA:215,0
DA:215,0
BRDA:215,1,0,-
BRDA:215,1,1,-
DA:215,0
DA:216,0
DA:216,0
BRDA:216,2,0,-
BRDA:216,2,1,-
DA:216,0
DA:217,0
DA:217,0
BRDA:217,3,0,-
BRDA:217,3,1,-
DA:217,0
DA:218,0
DA:218,0
BRDA:218,4,0,-
BRDA:218,4,1,-
DA:218,0
FN:221,Campaign.userRegistered
FNDA:2,Campaign.userRegistered
DA:222,11
DA:222,11
FN:225,Campaign.userTier
FNDA:2,Campaign.userTier
DA:226,2
DA:226,2
FN:230,Campaign.userAllocation
FNDA:4,Campaign.userAllocation
DA:233,6
DA:233,6
DA:234,6
DA:234,6
DA:235,6
DA:235,6
DA:236,6
DA:236,6
DA:237,6
DA:237,6
DA:239,6
DA:239,6
DA:239,6
DA:240,6
DA:240,6
DA:241,6
DA:241,6
DA:242,6
DA:242,6
DA:243,6
BRDA:243,5,0,2
BRDA:243,5,1,4
DA:244,2
DA:244,2
DA:246,4
DA:246,4
DA:248,6
DA:248,6
FN:251,Campaign.userMaxInvest
FNDA:0,Campaign.userMaxInvest
DA:252,2
DA:252,2
DA:252,2
DA:253,2
DA:253,2
FN:256,Campaign.userMaxTokens
FNDA:0,Campaign.userMaxTokens
DA:257,0
DA:257,0
DA:257,0
DA:258,0
DA:258,0
FN:265,Campaign.fundIn
FNDA:8,Campaign.fundIn
DA:266,8
BRDA:266,6,0,1
BRDA:266,6,1,7
DA:267,1
DA:267,1
DA:269,7
DA:269,7
DA:269,7
DA:270,7
DA:270,7
BRDA:270,7,0,-
BRDA:270,7,1,7
DA:271,0
DA:271,0
DA:275,7
DA:275,7
DA:276,7
DA:276,7
FN:281,Campaign.fundOut
FNDA:0,Campaign.fundOut
DA:282,0
DA:282,0
BRDA:282,8,0,-
BRDA:282,8,1,-
DA:283,0
DA:283,0
DA:286,0
DA:286,0
DA:287,0
DA:287,0
DA:287,0
DA:288,0
DA:288,0
DA:288,0
DA:289,0
DA:289,0
FN:297,Campaign.registerForIDO
FNDA:7,Campaign.registerForIDO
DA:298,7
DA:298,7
DA:299,7
DA:299,7
DA:299,7
DA:303,7
DA:303,7
DA:303,7
DA:304,7
DA:304,7
BRDA:304,9,0,-
BRDA:304,9,1,7
DA:305,0
DA:305,0
DA:307,7
DA:307,7
BRDA:307,10,0,-
BRDA:307,10,1,7
DA:308,0
DA:308,0
DA:310,7
DA:310,7
BRDA:310,11,0,-
BRDA:310,11,1,7
DA:311,0
DA:311,0
DA:313,7
DA:313,7
BRDA:313,12,0,-
BRDA:313,12,1,7
DA:314,0
DA:314,0
DA:317,7
DA:317,7
DA:317,7
DA:319,7
DA:319,7
FN:322,Campaign._register
FNDA:7,Campaign._register
DA:327,7
DA:327,7
DA:328,7
DA:328,7
DA:330,7
DA:330,7
DA:331,7
DA:331,7
DA:333,7
DA:333,7
FN:366,Campaign.buyTierTokens
FNDA:2,Campaign.buyTierTokens
DA:367,2
DA:367,2
DA:369,2
DA:369,2
BRDA:369,13,0,-
BRDA:369,13,1,2
DA:370,0
DA:370,0
DA:373,2
DA:373,2
DA:373,2
DA:373,2
BRDA:373,14,0,-
BRDA:373,14,1,2
DA:374,0
DA:374,0
DA:377,2
DA:377,2
BRDA:377,15,0,-
BRDA:377,15,1,2
DA:378,0
DA:378,0
DA:382,2
DA:382,2
BRDA:382,16,0,2
BRDA:382,16,1,2
DA:383,2
DA:383,2
DA:384,2
DA:384,2
DA:388,2
DA:388,2
DA:388,2
DA:388,2
DA:388,2
BRDA:388,17,0,-
BRDA:388,17,1,2
DA:389,0
DA:389,0
DA:392,2
DA:392,2
DA:392,2
DA:394,2
DA:394,2
DA:394,2
BRDA:394,18,0,-
BRDA:394,18,1,2
DA:395,0
DA:395,0
DA:398,2
DA:398,2
DA:400,2
DA:400,2
BRDA:400,19,0,2
BRDA:400,19,1,2
DA:401,2
DA:401,2
DA:403,2
DA:403,2
DA:404,2
DA:404,2
DA:406,2
DA:406,2
FN:418,Campaign.buyFCFSTokens
FNDA:1,Campaign.buyFCFSTokens
DA:419,1
DA:419,1
DA:421,1
DA:421,1
BRDA:421,20,0,-
BRDA:421,20,1,1
DA:422,0
DA:422,0
DA:424,1
DA:424,1
BRDA:424,21,0,-
BRDA:424,21,1,1
DA:425,0
DA:425,0
DA:428,1
DA:428,1
BRDA:428,22,0,-
BRDA:428,22,1,1
DA:429,0
DA:429,0
DA:438,1
DA:438,1
DA:438,1
DA:438,1
DA:438,1
BRDA:438,23,0,-
BRDA:438,23,1,1
DA:439,0
DA:439,0
DA:442,1
DA:442,1
DA:444,1
DA:444,1
BRDA:444,24,0,1
BRDA:444,24,1,1
DA:445,1
DA:445,1
DA:447,1
DA:447,1
DA:447,1
DA:449,1
DA:449,1
DA:451,1
DA:451,1
DA:453,1
DA:453,1
FN:468,Campaign.finishUp
FNDA:1,Campaign.finishUp
DA:469,1
BRDA:469,25,0,-
BRDA:469,25,1,1
DA:470,0
DA:470,0
DA:472,1
DA:472,1
BRDA:472,26,0,-
BRDA:472,26,1,1
DA:473,0
DA:473,0
DA:475,1
DA:475,1
BRDA:475,27,0,-
BRDA:475,27,1,1
DA:476,0
DA:476,0
DA:478,1
DA:478,1
BRDA:478,28,0,-
BRDA:478,28,1,1
DA:479,0
DA:479,0
DA:482,1
DA:482,1
DA:485,1
DA:485,1
DA:485,1
DA:486,1
DA:486,1
DA:486,1
DA:488,1
DA:488,1
BRDA:488,29,0,1
BRDA:488,29,1,1
DA:489,1
DA:489,1
DA:491,1
DA:491,1
DA:495,1
DA:495,1
DA:495,1
DA:497,1
DA:497,1
BRDA:497,30,0,1
BRDA:497,30,1,-
DA:498,1
DA:498,1
DA:498,1
DA:502,1
DA:502,1
FN:516,Campaign.setTokenClaimable
FNDA:1,Campaign.setTokenClaimable
DA:517,1
DA:517,1
BRDA:517,31,0,-
BRDA:517,31,1,1
DA:518,0
DA:518,0
DA:520,1
DA:520,1
FN:527,Campaign.claimTokens
FNDA:1,Campaign.claimTokens
DA:528,1
DA:528,1
BRDA:528,32,0,-
BRDA:528,32,1,1
DA:529,0
DA:529,0
DA:531,1
DA:531,1
DA:532,1
BRDA:532,33,0,-
BRDA:532,33,1,1
DA:533,0
DA:533,0
DA:536,1
DA:536,1
DA:536,1
DA:537,1
DA:537,1
BRDA:537,34,0,1
BRDA:537,34,1,1
DA:538,1
DA:538,1
DA:539,1
DA:539,1
DA:540,1
DA:540,1
FN:548,Campaign.refund
FNDA:0,Campaign.refund
DA:549,0
DA:549,0
BRDA:549,35,0,-
BRDA:549,35,1,-
DA:550,0
DA:550,0
DA:553,0
DA:553,0
DA:554,0
DA:554,0
BRDA:554,36,0,-
BRDA:554,36,1,-
DA:555,0
DA:555,0
DA:558,0
DA:558,0
DA:559,0
DA:559,0
DA:561,0
DA:561,0
FN:570,Campaign.getClaimableTokenAmt
FNDA:0,Campaign.getClaimableTokenAmt
DA:571,1
DA:571,1
DA:572,1
DA:572,1
DA:572,1
FN:582,Campaign.sendTokensTo
FNDA:1,Campaign.sendTokensTo
DA:589,1
DA:589,1
DA:589,1
DA:589,0
BRDA:589,37,0,-
BRDA:589,37,1,1
DA:590,0
DA:590,0
DA:594,1
DA:594,1
DA:594,1
DA:595,1
DA:595,1
FN:604,Campaign.getFeeAmt
FNDA:1,Campaign.getFeeAmt
DA:606,1
DA:606,1
DA:607,1
DA:607,1
DA:608,1
DA:608,1
DA:608,1
FN:616,Campaign.failedOrCancelled
FNDA:0,Campaign.failedOrCancelled
DA:617,1
BRDA:617,38,0,-
BRDA:617,38,1,1
DA:617,0
DA:619,1
DA:619,1
DA:619,1
FN:627,Campaign.isLive
FNDA:0,Campaign.isLive
DA:628,4
DA:628,4
DA:628,4
BRDA:628,39,0,-
BRDA:628,39,1,4
DA:628,0
DA:629,4
BRDA:629,40,0,-
BRDA:629,40,1,4
DA:629,0
DA:630,4
BRDA:630,41,0,1
BRDA:630,41,1,3
DA:630,1
DA:631,3
BRDA:631,42,0,-
BRDA:631,42,1,3
DA:631,0
DA:632,3
DA:632,3
FN:641,Campaign.calculateTokenAmount
FNDA:0,Campaign.calculateTokenAmount
DA:644,11
DA:644,11
DA:644,11
FN:652,Campaign.getRemaining
FNDA:0,Campaign.getRemaining
DA:653,4
DA:653,4
DA:653,4
FN:662,Campaign.setCancelled
FNDA:0,Campaign.setCancelled
DA:666,0
DA:666,0
BRDA:666,43,0,-
BRDA:666,43,1,-
DA:667,0
DA:667,0
DA:669,0
DA:669,0
FN:677,Campaign.getCampaignFundInTokensRequired
FNDA:0,Campaign.getCampaignFundInTokensRequired
DA:678,7
DA:678,7
FNF:31
FNH:18
LF:179
LH:116
BRF:88
BRH:43
end_of_record
TN:
SF:contracts/most_contracts/MOST.sol
FN:7,MOST.
FNDA:102,MOST.
DA:10,90
DA:10,90
FN:13,MOST.mint
FNDA:0,MOST.mint
DA:14,0
DA:14,0
FNF:2
FNH:1
LF:2
LH:1
BRF:0
BRH:0
end_of_record
TN:
SF:contracts/most_contracts/Staker.sol
FN:69,Staker.
FNDA:0,Staker.
DA:70,0
DA:70,0
DA:73,0
DA:73,0
DA:74,0
DA:74,0
DA:75,0
DA:75,0
DA:76,0
DA:76,0
DA:79,0
DA:79,0
DA:80,0
DA:80,0
DA:81,0
DA:81,0
DA:82,0
DA:82,0
DA:85,0
DA:85,0
DA:86,0
DA:86,0
DA:87,0
DA:87,0
DA:88,0
DA:88,0
DA:89,0
DA:89,0
FN:96,Staker.fundRewards
FNDA:6,Staker.fundRewards
DA:97,6
DA:97,6
DA:98,5
DA:98,5
DA:99,5
DA:99,5
FN:107,Staker.stake
FNDA:286,Staker.stake
DA:108,286
DA:108,286
DA:109,285
DA:109,285
DA:111,28
DA:111,28
DA:113,28
DA:113,28
DA:113,28
DA:115,28
DA:115,28
DA:115,28
DA:117,28
DA:117,28
BRDA:117,0,0,1
BRDA:117,0,1,27
DA:118,1
DA:118,1
DA:122,27
DA:122,27
DA:123,27
DA:123,27
DA:124,27
DA:124,27
DA:125,27
DA:125,27
DA:127,27
DA:127,27
FN:139,Staker.unstake
FNDA:16,Staker.unstake
DA:140,16
DA:140,16
DA:142,15
DA:142,15
DA:144,15
DA:144,15
BRDA:144,1,0,2
BRDA:144,1,1,13
DA:145,2
DA:145,2
DA:148,13
DA:148,13
DA:149,13
DA:149,13
DA:150,13
DA:150,13
DA:150,13
DA:151,13
DA:151,13
DA:153,13
DA:153,13
DA:153,13
DA:160,13
DA:160,13
BRDA:160,2,0,-
BRDA:160,2,1,1
DA:161,3
DA:161,3
BRDA:161,3,0,2
BRDA:161,3,1,1
DA:162,2
DA:162,2
DA:165,1
DA:165,1
BRDA:165,4,0,-
BRDA:165,4,1,1
DA:166,0
DA:166,0
DA:169,1
DA:169,1
DA:170,1
DA:170,1
DA:172,1
DA:172,1
DA:174,1
DA:174,1
DA:175,1
DA:175,1
DA:178,10
DA:178,10
DA:180,10
DA:180,10
BRDA:180,5,0,2
BRDA:180,5,1,1
DA:181,3
DA:181,3
DA:181,3
DA:182,3
DA:182,3
BRDA:182,6,0,2
BRDA:182,6,1,1
DA:183,2
DA:183,2
DA:186,1
DA:186,1
DA:186,1
DA:189,1
DA:189,1
DA:189,1
DA:193,1
DA:193,1
DA:193,1
DA:196,1
DA:196,1
DA:201,10
DA:201,10
DA:203,10
DA:203,10
DA:205,10
DA:205,10
BRDA:205,7,0,8
BRDA:205,7,1,10
DA:206,8
DA:206,8
DA:207,8
DA:207,8
DA:211,10
DA:211,10
BRDA:211,8,0,8
BRDA:211,8,1,10
DA:213,8
DA:213,8
DA:215,8
DA:215,8
DA:218,8
DA:218,8
DA:221,10
DA:221,10
DA:222,10
DA:222,10
FN:229,Staker.airdropAndStake
FNDA:3,Staker.airdropAndStake
DA:240,2
DA:240,2
BRDA:240,9,0,1
BRDA:240,9,1,1
DA:241,1
DA:241,1
DA:243,1
DA:243,1
DA:250,1
DA:250,1
DA:252,1
DA:252,1
DA:252,3
DA:252,2
DA:253,2
DA:253,2
DA:254,2
DA:254,2
DA:257,2
DA:257,2
FN:270,Staker.setMultiplier
FNDA:2,Staker.setMultiplier
DA:274,1
DA:274,1
FN:281,Staker.setAPRs
FNDA:2,Staker.setAPRs
DA:282,1
DA:282,1
FN:285,Staker.halt
FNDA:3,Staker.halt
DA:286,3
DA:286,3
FN:294,Staker.withdraw
FNDA:2,Staker.withdraw
DA:295,1
DA:295,1
FN:304,Staker.stakedBalance
FNDA:2,Staker.stakedBalance
DA:305,2
DA:305,2
DA:306,2
DA:306,2
FN:314,Staker.getUnlockTime
FNDA:2,Staker.getUnlockTime
DA:315,2
DA:315,2
DA:316,2
DA:316,2
DA:316,2
FN:324,Staker.getUserStakeDetails
FNDA:22,Staker.getUserStakeDetails
DA:327,22
DA:327,22
DA:328,22
DA:328,22
FN:336,Staker.getTierIndex
FNDA:13,Staker.getTierIndex
DA:337,13
DA:337,13
DA:337,53
DA:337,40
DA:338,51
DA:338,51
BRDA:338,10,0,11
BRDA:338,10,1,40
DA:339,11
DA:339,11
DA:342,2
DA:342,2
FN:351,Staker.getMultiplier
FNDA:12,Staker.getMultiplier
DA:352,12
DA:352,12
DA:353,12
DA:353,12
BRDA:353,11,0,-
BRDA:353,11,1,12
DA:354,0
DA:354,0
DA:356,12
DA:356,12
FN:364,Staker.claim
FNDA:3,Staker.claim
DA:365,3
DA:365,3
DA:366,3
DA:366,3
DA:366,3
DA:373,3
DA:373,3
BRDA:373,12,0,-
BRDA:373,12,1,3
DA:374,0
DA:374,0
DA:377,3
DA:377,3
BRDA:377,13,0,2
BRDA:377,13,1,1
DA:378,2
DA:378,2
DA:381,1
DA:381,1
DA:382,1
DA:382,1
DA:384,1
DA:384,1
DA:386,1
DA:386,1
FN:394,Staker.getAPR
FNDA:8,Staker.getAPR
DA:395,24
DA:395,24
DA:396,24
DA:396,24
BRDA:396,14,0,-
BRDA:396,14,1,24
DA:397,0
DA:397,0
DA:399,24
DA:399,24
FN:409,Staker.calculateRewards
FNDA:0,Staker.calculateRewards
DA:415,16
DA:415,16
DA:415,16
DA:418,16
DA:418,16
DA:419,16
DA:419,16
BRDA:419,15,0,14
BRDA:419,15,1,2
DA:421,14
DA:421,14
DA:424,2
DA:424,2
DA:427,16
DA:427,16
DA:427,16
FN:443,Staker._notHalted
FNDA:302,Staker._notHalted
DA:444,302
BRDA:444,16,0,2
BRDA:444,16,1,300
DA:445,2
DA:445,2
FN:449,Staker._checkDuration
FNDA:286,Staker._checkDuration
DA:451,286
DA:451,286
DA:451,286
DA:451,286
DA:451,286
DA:452,271
DA:452,271
DA:453,268
DA:453,268
DA:454,260
DA:454,260
BRDA:450,17,0,257
BRDA:450,17,1,29
DA:456,257
DA:456,257
FNF:19
FNH:17
LF:121
LH:103
BRF:36
BRH:31
end_of_record
TN:
SF:contracts/most_contracts/USDC.sol
FN:8,USDC.
FNDA:0,USDC.
DA:11,0
DA:11,0
FN:14,USDC.mint
FNDA:3,USDC.mint
DA:15,3
DA:15,3
FNF:2
FNH:1
LF:2
LH:1
BRF:0
BRH:0
end_of_record
TN:
SF:script/DeployHelpers.s.sol
FN:19,ScaffoldETHDeploy.setupLocalhostEnv
FNDA:0,ScaffoldETHDeploy.setupLocalhostEnv
DA:23,0
DA:23,0
BRDA:23,0,0,-
BRDA:23,0,1,-
DA:24,0
DA:24,0
DA:25,0
DA:25,0
DA:26,0
DA:26,0
DA:26,0
DA:27,0
DA:27,0
DA:27,0
DA:28,0
DA:28,0
DA:28,0
DA:29,0
DA:29,0
DA:29,0
DA:31,0
DA:31,0
DA:31,0
FN:35,ScaffoldETHDeploy.exportDeployments
FNDA:0,ScaffoldETHDeploy.exportDeployments
DA:37,0
DA:37,0
DA:38,0
DA:38,0
DA:39,0
DA:39,0
DA:39,0
DA:40,0
DA:40,0
DA:42,0
DA:42,0
DA:44,0
DA:44,0
DA:46,0
DA:46,0
DA:46,0
DA:46,0
DA:47,0
DA:47,0
DA:52,0
DA:52,0
DA:54,0
DA:54,0
DA:59,0
DA:59,0
DA:60,0
DA:60,0
FN:63,ScaffoldETHDeploy.getChain
FNDA:0,ScaffoldETHDeploy.getChain
DA:64,0
DA:64,0
DA:64,0
FN:67,ScaffoldETHDeploy.findChainName
FNDA:0,ScaffoldETHDeploy.findChainName
DA:68,0
DA:68,0
DA:69,0
DA:69,0
DA:69,0
DA:70,0
DA:70,0
DA:70,0
DA:70,0
DA:71,0
DA:71,0
DA:79,0
DA:79,0
FNF:4
FNH:0
LF:26
LH:0
BRF:2
BRH:0
end_of_record
TN:
SF:script/VerifyAll.s.sol
FN:26,VerifyAll.run
FNDA:0,VerifyAll.run
DA:27,0
DA:27,0
DA:27,0
DA:28,0
DA:28,0
DA:28,0
DA:34,0
DA:34,0
DA:34,0
DA:36,0
DA:36,0
DA:37,0
DA:37,0
DA:38,0
DA:38,0
FN:42,VerifyAll._verifyIfContractDeployment
FNDA:0,VerifyAll._verifyIfContractDeployment
DA:43,0
DA:43,0
DA:43,0
DA:49,0
DA:49,0
DA:49,0
DA:49,0
BRDA:49,0,0,-
BRDA:49,0,1,-
DA:50,0
DA:50,0
FN:54,VerifyAll._verifyContract
FNDA:0,VerifyAll._verifyContract
DA:55,0
DA:55,0
DA:55,0
DA:59,0
DA:59,0
DA:59,0
DA:65,0
DA:65,0
DA:65,0
DA:71,0
DA:71,0
DA:71,0
DA:75,0
DA:75,0
DA:75,0
DA:81,0
DA:81,0
DA:81,0
DA:82,0
DA:82,0
DA:83,0
DA:83,0
DA:84,0
DA:84,0
DA:85,0
DA:85,0
DA:86,0
DA:86,0
DA:87,0
DA:87,0
DA:88,0
DA:88,0
DA:89,0
DA:89,0
DA:90,0
DA:90,0
DA:92,0
DA:92,0
DA:92,0
DA:94,0
DA:94,0
BRDA:94,1,0,-
BRDA:94,1,1,-
DA:95,0
DA:95,0
DA:101,0
DA:101,0
DA:103,0
DA:103,0
DA:105,0
DA:105,0
FN:108,VerifyAll.nextTransaction
FNDA:0,VerifyAll.nextTransaction
DA:113,0
DA:113,0
FN:120,VerifyAll._getCompiledBytecode
FNDA:0,VerifyAll._getCompiledBytecode
DA:125,0
DA:125,0
DA:125,0
DA:126,0
DA:126,0
DA:126,0
DA:129,0
DA:129,0
FN:132,VerifyAll.getTransactionFromRaw
FNDA:0,VerifyAll.getTransactionFromRaw
DA:136,0
DA:136,0
FN:139,VerifyAll.searchStr
FNDA:0,VerifyAll.searchStr
DA:143,0
DA:143,0
DA:144,0
DA:144,0
FNF:7
FNH:0
LF:37
LH:0
BRF:4
BRH:0
end_of_record
