TN:
SF:contracts/ftm_contracts/Campaign.sol
FN:110,Campaign.onlyCampaignOwner
FNDA:0,Campaign.onlyCampaignOwner
DA:111,0
DA:111,0
BRDA:111,0,0,-
BRDA:111,0,1,-
DA:112,0
DA:112,0
FN:117,Campaign.
FNDA:0,Campaign.
DA:131,0
DA:131,0
DA:132,0
DA:132,0
DA:133,0
DA:133,0
DA:134,0
DA:134,0
DA:135,0
DA:135,0
DA:136,0
DA:136,0
DA:137,0
DA:137,0
DA:138,0
DA:138,0
DA:139,0
DA:139,0
DA:140,0
DA:140,0
DA:141,0
DA:141,0
DA:142,0
DA:142,0
DA:143,0
DA:143,0
DA:144,0
DA:144,0
DA:145,0
DA:145,0
DA:146,0
DA:146,0
DA:146,0
DA:146,0
DA:147,0
DA:147,0
FN:194,Campaign.isInRegistration
FNDA:0,Campaign.isInRegistration
DA:195,0
DA:195,0
DA:196,0
DA:196,0
DA:196,0
FN:199,Campaign.isInTierSale
FNDA:0,Campaign.isInTierSale
DA:200,0
DA:200,0
DA:201,0
DA:201,0
DA:201,0
FN:204,Campaign.isInFCFS
FNDA:0,Campaign.isInFCFS
DA:205,0
DA:205,0
DA:206,0
DA:206,0
DA:206,0
FN:209,Campaign.isInEnd
FNDA:0,Campaign.isInEnd
DA:210,0
DA:210,0
DA:211,0
DA:211,0
FN:214,Campaign.currentPeriod
FNDA:0,Campaign.currentPeriod
DA:215,0
DA:215,0
BRDA:215,1,0,-
BRDA:215,1,1,-
DA:215,0
DA:216,0
DA:216,0
BRDA:216,2,0,-
BRDA:216,2,1,-
DA:216,0
DA:217,0
DA:217,0
BRDA:217,3,0,-
BRDA:217,3,1,-
DA:217,0
DA:218,0
DA:218,0
BRDA:218,4,0,-
BRDA:218,4,1,-
DA:218,0
FN:221,Campaign.userRegistered
FNDA:0,Campaign.userRegistered
DA:222,0
DA:222,0
FN:225,Campaign.userTier
FNDA:0,Campaign.userTier
DA:226,0
DA:226,0
FN:230,Campaign.userAllocation
FNDA:0,Campaign.userAllocation
DA:233,0
DA:233,0
DA:234,0
DA:234,0
DA:235,0
DA:235,0
DA:235,0
DA:236,0
BRDA:236,5,0,-
BRDA:236,5,1,-
DA:237,0
DA:237,0
DA:239,0
DA:239,0
DA:241,0
DA:241,0
FN:244,Campaign.userMaxInvest
FNDA:0,Campaign.userMaxInvest
DA:245,0
DA:245,0
DA:245,0
DA:246,0
DA:246,0
FN:249,Campaign.userMaxTokens
FNDA:0,Campaign.userMaxTokens
DA:250,0
DA:250,0
DA:250,0
DA:251,0
DA:251,0
FN:258,Campaign.fundIn
FNDA:0,Campaign.fundIn
DA:259,0
BRDA:259,6,0,-
BRDA:259,6,1,-
DA:260,0
DA:260,0
DA:262,0
DA:262,0
DA:262,0
DA:263,0
DA:263,0
BRDA:263,7,0,-
BRDA:263,7,1,-
DA:264,0
DA:264,0
DA:268,0
DA:268,0
DA:269,0
DA:269,0
FN:274,Campaign.fundOut
FNDA:0,Campaign.fundOut
DA:275,0
DA:275,0
BRDA:275,8,0,-
BRDA:275,8,1,-
DA:276,0
DA:276,0
DA:279,0
DA:279,0
DA:280,0
DA:280,0
DA:280,0
DA:281,0
DA:281,0
DA:281,0
DA:282,0
DA:282,0
FN:290,Campaign.registerForIDO
FNDA:0,Campaign.registerForIDO
DA:291,0
DA:291,0
DA:292,0
DA:292,0
DA:292,0
DA:296,0
DA:296,0
DA:296,0
DA:297,0
DA:297,0
BRDA:297,9,0,-
BRDA:297,9,1,-
DA:298,0
DA:298,0
DA:300,0
DA:300,0
BRDA:300,10,0,-
BRDA:300,10,1,-
DA:301,0
DA:301,0
DA:303,0
DA:303,0
BRDA:303,11,0,-
BRDA:303,11,1,-
DA:304,0
DA:304,0
DA:306,0
DA:306,0
BRDA:306,12,0,-
BRDA:306,12,1,-
DA:307,0
DA:307,0
DA:310,0
DA:310,0
DA:310,0
DA:312,0
DA:312,0
FN:315,Campaign._register
FNDA:0,Campaign._register
DA:320,0
DA:320,0
DA:321,0
DA:321,0
DA:323,0
DA:323,0
DA:324,0
DA:324,0
DA:326,0
DA:326,0
FN:359,Campaign.buyTierTokens
FNDA:0,Campaign.buyTierTokens
DA:360,0
DA:360,0
DA:362,0
DA:362,0
BRDA:362,13,0,-
BRDA:362,13,1,-
DA:363,0
DA:363,0
DA:366,0
DA:366,0
DA:366,0
DA:366,0
BRDA:366,14,0,-
BRDA:366,14,1,-
DA:367,0
DA:367,0
DA:370,0
DA:370,0
BRDA:370,15,0,-
BRDA:370,15,1,-
DA:371,0
DA:371,0
DA:375,0
DA:375,0
BRDA:375,16,0,-
BRDA:375,16,1,-
DA:376,0
DA:376,0
DA:377,0
DA:377,0
DA:381,0
DA:381,0
DA:381,0
DA:381,0
DA:381,0
BRDA:381,17,0,-
BRDA:381,17,1,-
DA:382,0
DA:382,0
DA:384,0
DA:384,0
DA:386,0
DA:386,0
DA:386,0
DA:388,0
DA:388,0
DA:388,0
BRDA:388,18,0,-
BRDA:388,18,1,-
DA:389,0
DA:389,0
DA:392,0
DA:392,0
BRDA:392,19,0,-
BRDA:392,19,1,-
DA:393,0
DA:393,0
DA:395,0
DA:395,0
DA:396,0
DA:396,0
DA:398,0
DA:398,0
FN:410,Campaign.buyFCFSTokens
FNDA:0,Campaign.buyFCFSTokens
DA:411,0
DA:411,0
DA:413,0
DA:413,0
BRDA:413,20,0,-
BRDA:413,20,1,-
DA:414,0
DA:414,0
DA:416,0
DA:416,0
BRDA:416,21,0,-
BRDA:416,21,1,-
DA:417,0
DA:417,0
DA:420,0
DA:420,0
BRDA:420,22,0,-
BRDA:420,22,1,-
DA:421,0
DA:421,0
DA:423,0
DA:423,0
BRDA:423,23,0,-
BRDA:423,23,1,-
DA:424,0
DA:424,0
DA:430,0
DA:430,0
DA:430,0
DA:430,0
DA:430,0
BRDA:430,24,0,-
BRDA:430,24,1,-
DA:431,0
DA:431,0
DA:434,0
DA:434,0
DA:436,0
DA:436,0
BRDA:436,25,0,-
BRDA:436,25,1,-
DA:437,0
DA:437,0
DA:439,0
DA:439,0
DA:439,0
DA:441,0
DA:441,0
DA:443,0
DA:443,0
DA:445,0
DA:445,0
FN:460,Campaign.finishUp
FNDA:0,Campaign.finishUp
DA:461,0
BRDA:461,26,0,-
BRDA:461,26,1,-
DA:462,0
DA:462,0
DA:464,0
DA:464,0
BRDA:464,27,0,-
BRDA:464,27,1,-
DA:465,0
DA:465,0
DA:467,0
DA:467,0
BRDA:467,28,0,-
BRDA:467,28,1,-
DA:468,0
DA:468,0
DA:470,0
DA:470,0
BRDA:470,29,0,-
BRDA:470,29,1,-
DA:471,0
DA:471,0
DA:474,0
DA:474,0
DA:476,0
DA:476,0
DA:476,0
DA:477,0
DA:477,0
DA:477,0
DA:478,0
DA:478,0
DA:478,0
DA:481,0
DA:481,0
BRDA:481,30,0,-
BRDA:481,30,1,-
DA:482,0
DA:482,0
DA:485,0
DA:485,0
DA:488,0
DA:488,0
BRDA:488,31,0,-
BRDA:488,31,1,-
DA:489,0
DA:489,0
DA:489,0
DA:491,0
DA:491,0
FN:505,Campaign.setTokenClaimable
FNDA:0,Campaign.setTokenClaimable
DA:506,0
DA:506,0
BRDA:506,32,0,-
BRDA:506,32,1,-
DA:507,0
DA:507,0
DA:509,0
DA:509,0
FN:516,Campaign.claimTokens
FNDA:0,Campaign.claimTokens
DA:517,0
DA:517,0
BRDA:517,33,0,-
BRDA:517,33,1,-
DA:518,0
DA:518,0
DA:520,0
DA:520,0
DA:521,0
BRDA:521,34,0,-
BRDA:521,34,1,-
DA:522,0
DA:522,0
DA:525,0
DA:525,0
DA:525,0
DA:526,0
DA:526,0
BRDA:526,35,0,-
BRDA:526,35,1,-
DA:527,0
DA:527,0
DA:528,0
DA:528,0
DA:529,0
DA:529,0
FN:537,Campaign.refund
FNDA:0,Campaign.refund
DA:538,0
DA:538,0
BRDA:538,36,0,-
BRDA:538,36,1,-
DA:539,0
DA:539,0
DA:542,0
DA:542,0
DA:543,0
DA:543,0
BRDA:543,37,0,-
BRDA:543,37,1,-
DA:544,0
DA:544,0
DA:547,0
DA:547,0
DA:548,0
DA:548,0
DA:550,0
DA:550,0
FN:559,Campaign.getClaimableTokenAmt
FNDA:0,Campaign.getClaimableTokenAmt
DA:560,0
DA:560,0
DA:561,0
DA:561,0
DA:561,0
FN:571,Campaign.sendTokensTo
FNDA:0,Campaign.sendTokensTo
DA:578,0
DA:578,0
DA:578,0
DA:578,0
BRDA:578,38,0,-
BRDA:578,38,1,-
DA:579,0
DA:579,0
DA:583,0
DA:583,0
DA:583,0
DA:584,0
DA:584,0
FN:593,Campaign.getFeeAmt
FNDA:0,Campaign.getFeeAmt
DA:595,0
DA:595,0
DA:595,0
FN:603,Campaign.failedOrCancelled
FNDA:0,Campaign.failedOrCancelled
DA:604,0
BRDA:604,39,0,-
BRDA:604,39,1,-
DA:604,0
DA:606,0
DA:606,0
DA:606,0
FN:614,Campaign.isLive
FNDA:0,Campaign.isLive
DA:615,0
DA:615,0
DA:615,0
BRDA:615,40,0,-
BRDA:615,40,1,-
DA:615,0
DA:616,0
BRDA:616,41,0,-
BRDA:616,41,1,-
DA:616,0
DA:617,0
BRDA:617,42,0,-
BRDA:617,42,1,-
DA:617,0
DA:618,0
BRDA:618,43,0,-
BRDA:618,43,1,-
DA:618,0
DA:619,0
DA:619,0
FN:628,Campaign.calculateTokenAmount
FNDA:0,Campaign.calculateTokenAmount
DA:631,0
DA:631,0
DA:631,0
FN:639,Campaign.getRemaining
FNDA:0,Campaign.getRemaining
DA:640,0
DA:640,0
DA:640,0
FN:649,Campaign.setCancelled
FNDA:0,Campaign.setCancelled
DA:653,0
DA:653,0
BRDA:653,44,0,-
BRDA:653,44,1,-
DA:654,0
DA:654,0
DA:656,0
DA:656,0
FN:664,Campaign.getCampaignFundInTokensRequired
FNDA:0,Campaign.getCampaignFundInTokensRequired
DA:665,0
DA:665,0
FNF:31
FNH:0
LF:173
LH:0
BRF:90
BRH:0
end_of_record
TN:
SF:contracts/ftm_contracts/Staker.sol
FN:67,Staker.
FNDA:0,Staker.
DA:68,0
DA:68,0
DA:71,0
DA:71,0
DA:72,0
DA:72,0
DA:73,0
DA:73,0
DA:74,0
DA:74,0
DA:77,0
DA:77,0
DA:78,0
DA:78,0
DA:79,0
DA:79,0
DA:80,0
DA:80,0
DA:83,0
DA:83,0
DA:84,0
DA:84,0
DA:85,0
DA:85,0
DA:86,0
DA:86,0
DA:87,0
DA:87,0
FN:96,Staker.stakedBalance
FNDA:0,Staker.stakedBalance
DA:97,0
DA:97,0
DA:98,0
DA:98,0
FN:106,Staker.unlockTime
FNDA:0,Staker.unlockTime
DA:107,0
DA:107,0
DA:108,0
DA:108,0
DA:108,0
FN:116,Staker.getUserStakeDetails
FNDA:12,Staker.getUserStakeDetails
DA:119,12
DA:119,12
DA:120,12
DA:120,12
FN:132,Staker.fund_rewards
FNDA:4,Staker.fund_rewards
DA:133,4
DA:133,4
DA:134,3
DA:134,3
DA:135,3
DA:135,3
FN:143,Staker.getAPR
FNDA:6,Staker.getAPR
DA:144,21
DA:144,21
DA:145,21
DA:145,21
BRDA:145,0,0,-
BRDA:145,0,1,21
DA:146,0
DA:146,0
DA:148,21
DA:148,21
FN:151,Staker.getTierIndex
FNDA:6,Staker.getTierIndex
DA:152,6
DA:152,6
DA:152,21
DA:152,15
DA:153,20
DA:153,20
BRDA:153,1,0,5
BRDA:153,1,1,15
DA:154,5
DA:154,5
DA:157,1
DA:157,1
FN:166,Staker.getMultiplier
FNDA:4,Staker.getMultiplier
DA:167,4
DA:167,4
DA:168,4
DA:168,4
BRDA:168,2,0,-
BRDA:168,2,1,4
DA:169,0
DA:169,0
DA:171,4
DA:171,4
FN:179,Staker.stake
FNDA:19,Staker.stake
DA:180,18
DA:180,18
DA:181,16
DA:181,16
DA:183,16
DA:183,16
DA:183,16
DA:185,16
DA:185,16
DA:185,16
DA:187,16
DA:187,16
BRDA:187,3,0,1
BRDA:187,3,1,15
DA:188,1
DA:188,1
DA:192,15
DA:192,15
DA:193,15
DA:193,15
DA:194,15
DA:194,15
DA:195,15
DA:195,15
DA:197,15
DA:197,15
FN:209,Staker.unstake
FNDA:16,Staker.unstake
DA:210,15
DA:210,15
DA:212,15
DA:212,15
BRDA:212,4,0,2
BRDA:212,4,1,13
DA:213,2
DA:213,2
DA:216,13
DA:216,13
DA:217,13
DA:217,13
DA:218,13
DA:218,13
DA:218,13
DA:219,13
DA:219,13
DA:221,13
DA:221,13
DA:221,13
DA:228,13
DA:228,13
BRDA:228,5,0,-
BRDA:228,5,1,1
DA:229,3
DA:229,3
BRDA:229,6,0,2
BRDA:229,6,1,1
DA:230,2
DA:230,2
DA:233,1
DA:233,1
BRDA:233,7,0,-
BRDA:233,7,1,1
DA:234,0
DA:234,0
DA:237,1
DA:237,1
DA:238,1
DA:238,1
DA:240,1
DA:240,1
DA:242,1
DA:242,1
DA:243,1
DA:243,1
DA:246,10
DA:246,10
DA:248,10
DA:248,10
BRDA:248,8,0,2
BRDA:248,8,1,1
DA:249,3
DA:249,3
DA:249,3
DA:250,3
DA:250,3
BRDA:250,9,0,2
BRDA:250,9,1,1
DA:251,2
DA:251,2
DA:254,1
DA:254,1
DA:254,1
DA:257,1
DA:257,1
DA:257,1
DA:261,1
DA:261,1
DA:261,1
DA:264,1
DA:264,1
DA:269,10
DA:269,10
DA:271,10
DA:271,10
DA:273,10
DA:273,10
BRDA:273,10,0,8
BRDA:273,10,1,10
DA:274,8
DA:274,8
DA:275,8
DA:275,8
DA:279,10
DA:279,10
BRDA:279,11,0,8
BRDA:279,11,1,10
DA:281,8
DA:281,8
DA:283,8
DA:283,8
DA:286,8
DA:286,8
DA:289,10
DA:289,10
DA:290,10
DA:290,10
FN:298,Staker.claim
FNDA:2,Staker.claim
DA:299,2
DA:299,2
DA:300,2
DA:300,2
DA:300,2
DA:307,2
DA:307,2
BRDA:307,12,0,-
BRDA:307,12,1,2
DA:308,0
DA:308,0
DA:311,2
DA:311,2
BRDA:311,13,0,2
BRDA:311,13,1,-
DA:312,2
DA:312,2
DA:315,0
DA:315,0
DA:316,0
DA:316,0
DA:318,0
DA:318,0
DA:320,0
DA:320,0
FN:330,Staker.calculateRewards
FNDA:0,Staker.calculateRewards
DA:336,15
DA:336,15
DA:336,15
DA:339,15
DA:339,15
DA:340,15
DA:340,15
BRDA:340,14,0,13
BRDA:340,14,1,2
DA:342,13
DA:342,13
DA:345,2
DA:345,2
DA:348,15
DA:348,15
DA:348,15
FN:368,Staker.airdropAndStake
FNDA:0,Staker.airdropAndStake
DA:374,0
DA:374,0
BRDA:374,15,0,-
BRDA:374,15,1,-
DA:378,0
DA:378,0
DA:380,0
DA:380,0
BRDA:380,16,0,-
BRDA:380,16,1,-
DA:385,0
DA:385,0
DA:385,0
DA:385,0
DA:386,0
DA:386,0
DA:387,0
DA:387,0
DA:390,0
DA:390,0
FN:399,Staker._check_duration
FNDA:18,Staker._check_duration
DA:401,18
DA:401,18
DA:401,18
DA:401,18
DA:401,18
DA:402,7
DA:402,7
DA:403,6
DA:403,6
DA:404,5
DA:404,5
BRDA:400,17,0,2
BRDA:400,17,1,16
DA:406,2
DA:406,2
FN:414,Staker.set_multiplier
FNDA:0,Staker.set_multiplier
DA:418,0
DA:418,0
FN:425,Staker.set_APRs
FNDA:0,Staker.set_APRs
DA:426,0
DA:426,0
FN:429,Staker.halt
FNDA:3,Staker.halt
DA:430,3
DA:430,3
FN:438,Staker.withdraw
FNDA:0,Staker.withdraw
DA:439,0
DA:439,0
FN:442,Staker.notHalted
FNDA:16,Staker.notHalted
DA:443,16
BRDA:443,18,0,1
BRDA:443,18,1,18
DA:444,1
DA:444,1
FNF:19
FNH:11
LF:118
LH:82
BRF:38
BRH:28
end_of_record
TN:
SF:contracts/ftm_contracts/ZKSTR.sol
FN:7,ZKSTR.
FNDA:22,ZKSTR.
DA:8,22
DA:8,22
FNF:1
FNH:1
LF:1
LH:1
BRF:0
BRH:0
end_of_record
TN:
SF:script/DeployHelpers.s.sol
FN:19,ScaffoldETHDeploy.setupLocalhostEnv
FNDA:0,ScaffoldETHDeploy.setupLocalhostEnv
DA:23,0
DA:23,0
BRDA:23,0,0,-
BRDA:23,0,1,-
DA:24,0
DA:24,0
DA:25,0
DA:25,0
DA:26,0
DA:26,0
DA:26,0
DA:27,0
DA:27,0
DA:27,0
DA:28,0
DA:28,0
DA:28,0
DA:29,0
DA:29,0
DA:29,0
DA:31,0
DA:31,0
DA:31,0
FN:35,ScaffoldETHDeploy.exportDeployments
FNDA:0,ScaffoldETHDeploy.exportDeployments
DA:37,0
DA:37,0
DA:38,0
DA:38,0
DA:39,0
DA:39,0
DA:39,0
DA:40,0
DA:40,0
DA:42,0
DA:42,0
DA:44,0
DA:44,0
DA:46,0
DA:46,0
DA:46,0
DA:46,0
DA:47,0
DA:47,0
DA:52,0
DA:52,0
DA:54,0
DA:54,0
DA:59,0
DA:59,0
DA:60,0
DA:60,0
FN:63,ScaffoldETHDeploy.getChain
FNDA:0,ScaffoldETHDeploy.getChain
DA:64,0
DA:64,0
DA:64,0
FN:67,ScaffoldETHDeploy.findChainName
FNDA:0,ScaffoldETHDeploy.findChainName
DA:68,0
DA:68,0
DA:69,0
DA:69,0
DA:69,0
DA:70,0
DA:70,0
DA:70,0
DA:70,0
DA:71,0
DA:71,0
DA:79,0
DA:79,0
FNF:4
FNH:0
LF:26
LH:0
BRF:2
BRH:0
end_of_record
TN:
SF:script/VerifyAll.s.sol
FN:26,VerifyAll.run
FNDA:0,VerifyAll.run
DA:27,0
DA:27,0
DA:27,0
DA:28,0
DA:28,0
DA:28,0
DA:34,0
DA:34,0
DA:34,0
DA:36,0
DA:36,0
DA:37,0
DA:37,0
DA:38,0
DA:38,0
FN:42,VerifyAll._verifyIfContractDeployment
FNDA:0,VerifyAll._verifyIfContractDeployment
DA:43,0
DA:43,0
DA:43,0
DA:49,0
DA:49,0
DA:49,0
DA:49,0
BRDA:49,0,0,-
BRDA:49,0,1,-
DA:50,0
DA:50,0
FN:54,VerifyAll._verifyContract
FNDA:0,VerifyAll._verifyContract
DA:55,0
DA:55,0
DA:55,0
DA:59,0
DA:59,0
DA:59,0
DA:65,0
DA:65,0
DA:65,0
DA:71,0
DA:71,0
DA:71,0
DA:75,0
DA:75,0
DA:75,0
DA:81,0
DA:81,0
DA:81,0
DA:82,0
DA:82,0
DA:83,0
DA:83,0
DA:84,0
DA:84,0
DA:85,0
DA:85,0
DA:86,0
DA:86,0
DA:87,0
DA:87,0
DA:88,0
DA:88,0
DA:89,0
DA:89,0
DA:90,0
DA:90,0
DA:92,0
DA:92,0
DA:92,0
DA:94,0
DA:94,0
BRDA:94,1,0,-
BRDA:94,1,1,-
DA:95,0
DA:95,0
DA:101,0
DA:101,0
DA:103,0
DA:103,0
DA:105,0
DA:105,0
FN:108,VerifyAll.nextTransaction
FNDA:0,VerifyAll.nextTransaction
DA:113,0
DA:113,0
FN:120,VerifyAll._getCompiledBytecode
FNDA:0,VerifyAll._getCompiledBytecode
DA:125,0
DA:125,0
DA:125,0
DA:126,0
DA:126,0
DA:126,0
DA:129,0
DA:129,0
FN:132,VerifyAll.getTransactionFromRaw
FNDA:0,VerifyAll.getTransactionFromRaw
DA:136,0
DA:136,0
FN:139,VerifyAll.searchStr
FNDA:0,VerifyAll.searchStr
DA:143,0
DA:143,0
DA:144,0
DA:144,0
FNF:7
FNH:0
LF:37
LH:0
BRF:4
BRH:0
end_of_record
